=> Booting WEBrick
=> Rails 4.2.1 application starting in development on http://localhost:3000
=> Run `rails server -h` for more startup options
=> Ctrl-C to shutdown server
[2015-08-07 14:33:24] INFO  WEBrick 1.3.1
[2015-08-07 14:33:24] INFO  ruby 2.0.0 (2015-02-25) [x86_64-darwin14.1.0]
[2015-08-07 14:33:24] INFO  WEBrick::HTTPServer#start: pid=3850 port=3000


Started GET "/users/sign_in" for ::1 at 2015-08-07 14:33:25 +0800
  [1m[36mActiveRecord::SchemaMigration Load (0.5ms)[0m  [1mSELECT `schema_migrations`.* FROM `schema_migrations`[0m
Processing by Devise::SessionsController#new as HTML
  Rendered /Users/cliviazhou/.rvm/gems/ruby-2.0.0-p643/gems/devise-3.4.1/app/views/devise/shared/_links.html.erb (2.5ms)
  Rendered /Users/cliviazhou/.rvm/gems/ruby-2.0.0-p643/gems/devise-3.4.1/app/views/devise/sessions/new.html.erb within layouts/application (91.8ms)
  Rendered layouts/_nav_bar.html.erb (0.7ms)
Completed 200 OK in 1033ms (Views: 995.5ms | ActiveRecord: 2.6ms)


Started GET "/assets/home.self-e3b0c44298fc1c149afbf4c8996fb92427ae41e4649b934ca495991b7852b855.css?body=1" for ::1 at 2015-08-07 14:33:26 +0800


Started GET "/assets/answer.self-e3b0c44298fc1c149afbf4c8996fb92427ae41e4649b934ca495991b7852b855.css?body=1" for ::1 at 2015-08-07 14:33:26 +0800


Started GET "/assets/application.self-d885a0a66bd595c10edb24f8879f94e334d88be0730c4d7c7a7b57c731c09037.css?body=1" for ::1 at 2015-08-07 14:33:26 +0800


Started GET "/assets/scaffolds.self-8cc45d08263daa3628b8b19c49c36f7f0db383748b07b5590390bf8a50461a3e.css?body=1" for ::1 at 2015-08-07 14:33:26 +0800


Started GET "/assets/person.self-e3b0c44298fc1c149afbf4c8996fb92427ae41e4649b934ca495991b7852b855.css?body=1" for ::1 at 2015-08-07 14:33:26 +0800


Started GET "/assets/semantic-ui.self-4d57579ebbe1c871317fa5af4b4d1030b02291b7f180673886f616bdb7d5e989.css?body=1" for ::1 at 2015-08-07 14:33:26 +0800


Started GET "/assets/jquery.self-d03a5518f45df77341bdbe6201ba3bfa547ebba8ed64f0ea56bfa5f96ea7c074.js?body=1" for ::1 at 2015-08-07 14:33:26 +0800


Started GET "/assets/jquery_ujs.self-ca5248a2fad13d6bd58ea121318d642f195f0b2dd818b30615f785ff365e8d1f.js?body=1" for ::1 at 2015-08-07 14:33:26 +0800


Started GET "/assets/turbolinks.self-c37727e9bd6b2735da5c311aa83fead54ed0be6cc8bd9a65309e9c5abe2cbfff.js?body=1" for ::1 at 2015-08-07 14:33:26 +0800


Started GET "/assets/semantic-ui/api.self-41c0adffbecfcf2e716e31240a63841aa129600ceb264bebf23b29e733b7e242.js?body=1" for ::1 at 2015-08-07 14:33:26 +0800


Started GET "/assets/semantic-ui/colorize.self-904f87357084ca2b8e32bc5b3f5d8e1dd927d753ae9b369f674ac43199d14f98.js?body=1" for ::1 at 2015-08-07 14:33:26 +0800


Started GET "/assets/semantic-ui/embed.self-530fd315ddc22ed191518492a2dd30d71ab8565403a24904f998b4aa2b01f66d.js?body=1" for ::1 at 2015-08-07 14:33:26 +0800


Started GET "/assets/semantic-ui/form.self-118733a62a9a4507ce6dbf5c89b42287aec3f5829f340a024aca276d2365ba34.js?body=1" for ::1 at 2015-08-07 14:33:26 +0800


Started GET "/assets/semantic-ui/state.self-ba8c200df7a3be7eef8a0dbc47e7d1506472933b42d9ba14eba40727257a53b3.js?body=1" for ::1 at 2015-08-07 14:33:26 +0800


Started GET "/assets/semantic-ui/visibility.self-71f823b1b59266ae8f5e6e1bc7e5f770a80891cc256e19b23fb07dd23d3d50ee.js?body=1" for ::1 at 2015-08-07 14:33:26 +0800


Started GET "/assets/semantic-ui/visit.self-f6b9d873d3b931c907b26c207fef8a9ebc244cb3f8f10b1171fec1bcdd46bd9b.js?body=1" for ::1 at 2015-08-07 14:33:26 +0800


Started GET "/assets/semantic-ui/site.self-0715a46a91f99409b252bf26f216ebd06c2473766508d2737e5a87825cff9fc8.js?body=1" for ::1 at 2015-08-07 14:33:26 +0800


Started GET "/assets/semantic-ui/accordion.self-f02e8a229cc5d3b5a57e50349c06b1ecd838c0623b920a7b440c7fe91ced34aa.js?body=1" for ::1 at 2015-08-07 14:33:26 +0800


Started GET "/assets/semantic-ui/checkbox.self-33495d45f6a83158b9830d5c4c6469f6130c2ff0f8b52c4f3ca57ef43a0e6bc9.js?body=1" for ::1 at 2015-08-07 14:33:26 +0800


Started GET "/assets/semantic-ui/dimmer.self-fa3afe374ef2e859bc66df601c98c8ee40a93fcad9752780b9d28970fbf091e8.js?body=1" for ::1 at 2015-08-07 14:33:26 +0800


Started GET "/assets/semantic-ui/dropdown.self-7c44fd09d5a95e76f51a7b2cf9446b2e0973fc3803430dd9bd32cffa01f4ddd3.js?body=1" for ::1 at 2015-08-07 14:33:26 +0800


Started GET "/assets/semantic-ui/modal.self-fca0c9dc8b99a58d44bf44b68f15ef97a7e0fdad255b54895cfa20bba23504db.js?body=1" for ::1 at 2015-08-07 14:33:26 +0800


Started GET "/assets/semantic-ui/nag.self-4e27276d1f23482f4492a51e35bb43636ca5c3c99ca10e2c2ba2624cfb9972d7.js?body=1" for ::1 at 2015-08-07 14:33:26 +0800


Started GET "/assets/semantic-ui/popup.self-58e94aed7aa0ff5d910cf8b382aae9c38c2330838038859f184dfaf2a882622e.js?body=1" for ::1 at 2015-08-07 14:33:26 +0800


Started GET "/assets/semantic-ui/progress.self-705106fdadb10d0e793204d83edc38b896fc8af4e9b2418768f17548167e771b.js?body=1" for ::1 at 2015-08-07 14:33:26 +0800


Started GET "/assets/semantic-ui/rating.self-2eb43fbe99f8781edfd7558e6be4933b01960a25982897cf9073733d626d7668.js?body=1" for ::1 at 2015-08-07 14:33:26 +0800


Started GET "/assets/semantic-ui/search.self-a8ee27c8e616ca18cbb6fe393be577e1436fa561dae9b8eb7b0f05a43d069e93.js?body=1" for ::1 at 2015-08-07 14:33:26 +0800


Started GET "/assets/semantic-ui/shape.self-40ba056c6d298c281da6470241500c9918dafadf710200b785bfe8a9b9599068.js?body=1" for ::1 at 2015-08-07 14:33:26 +0800


Started GET "/assets/semantic-ui/sidebar.self-9e321420597786ccc69ba84bf2b195cf08882f192420edc52bb8efbbca005a3b.js?body=1" for ::1 at 2015-08-07 14:33:26 +0800


Started GET "/assets/semantic-ui/sticky.self-c879f33383a63046bfb29a93a3ecaf3c252c28077074c613d3372abceea958a2.js?body=1" for ::1 at 2015-08-07 14:33:26 +0800


Started GET "/assets/semantic-ui/tab.self-061c8d32b522da18b0530b1774b9567661cd2b5f6bbc8e70edfc4cec2ba53fda.js?body=1" for ::1 at 2015-08-07 14:33:26 +0800


Started GET "/assets/semantic-ui/transition.self-db27b478ce3300f9051c4a35506b3ae6a18efb960d777fccc3346ba82897be0b.js?body=1" for ::1 at 2015-08-07 14:33:26 +0800


Started GET "/assets/semantic-ui/video.self-11705175a979dac0b96b76b658123b336468f98009521dc9c7df31d18d994e08.js?body=1" for ::1 at 2015-08-07 14:33:26 +0800


Started GET "/assets/semantic-ui.self-49cb2d2ab1323ea968a401fbd24a20d2b51aa1879c735f4b16f487797c9fa81f.js?body=1" for ::1 at 2015-08-07 14:33:26 +0800


Started GET "/assets/answer.self-877aef30ae1b040ab8a3aba4e3e309a11d7f2612f44dde450b5c157aa5f95c05.js?body=1" for ::1 at 2015-08-07 14:33:26 +0800


Started GET "/assets/home.self-877aef30ae1b040ab8a3aba4e3e309a11d7f2612f44dde450b5c157aa5f95c05.js?body=1" for ::1 at 2015-08-07 14:33:26 +0800


Started GET "/assets/person.self-877aef30ae1b040ab8a3aba4e3e309a11d7f2612f44dde450b5c157aa5f95c05.js?body=1" for ::1 at 2015-08-07 14:33:26 +0800


Started GET "/assets/application.self-f8806224e027f3e3f0138ea9ce99319e298dfdb323304d1f1be6eae8e8c74724.js?body=1" for ::1 at 2015-08-07 14:33:26 +0800


Started GET "/" for ::1 at 2015-08-07 14:33:35 +0800
Processing by HomeController#index as HTML
  [1m[35mPerson Load (3.5ms)[0m  SELECT `people`.* FROM `people` WHERE (upvote > 100000)  ORDER BY upvote desc
  Rendered home/index.html.erb within layouts/application (117.7ms)
  Rendered layouts/_nav_bar.html.erb (0.6ms)
Completed 200 OK in 304ms (Views: 294.5ms | ActiveRecord: 5.1ms)


Started GET "/person" for ::1 at 2015-08-07 14:33:38 +0800
Processing by PersonController#index as HTML
  [1m[36mPerson Load (4.2ms)[0m  [1mSELECT `people`.* FROM `people` WHERE (upvote > 100000)  ORDER BY upvote desc[0m
  Rendered person/index.html.erb within layouts/application (6.9ms)
  Rendered layouts/_nav_bar.html.erb (0.2ms)
Completed 200 OK in 245ms (Views: 239.9ms | ActiveRecord: 4.2ms)


Started GET "/" for ::1 at 2015-08-07 14:33:40 +0800
Processing by HomeController#index as HTML
  [1m[35mPerson Load (5.3ms)[0m  SELECT `people`.* FROM `people` WHERE (upvote > 100000)  ORDER BY upvote desc
  Rendered home/index.html.erb within layouts/application (8.2ms)
  Rendered layouts/_nav_bar.html.erb (0.3ms)
Completed 200 OK in 169ms (Views: 163.1ms | ActiveRecord: 5.3ms)


Started GET "/users/sign_in" for ::1 at 2015-08-07 14:35:09 +0800
Processing by Devise::SessionsController#new as HTML
  Rendered /Users/cliviazhou/.rvm/gems/ruby-2.0.0-p643/gems/devise-3.4.1/app/views/devise/shared/_links.html.erb (0.4ms)
  Rendered /Users/cliviazhou/.rvm/gems/ruby-2.0.0-p643/gems/devise-3.4.1/app/views/devise/sessions/new.html.erb within layouts/application (4.7ms)
  Rendered layouts/_nav_bar.html.erb (0.3ms)
Completed 200 OK in 210ms (Views: 208.0ms | ActiveRecord: 0.0ms)


Started GET "/users/sign_in" for ::1 at 2015-08-07 14:35:11 +0800
Processing by Devise::SessionsController#new as HTML
  Rendered /Users/cliviazhou/.rvm/gems/ruby-2.0.0-p643/gems/devise-3.4.1/app/views/devise/shared/_links.html.erb (0.2ms)
  Rendered /Users/cliviazhou/.rvm/gems/ruby-2.0.0-p643/gems/devise-3.4.1/app/views/devise/sessions/new.html.erb within layouts/application (2.5ms)
  Rendered layouts/_nav_bar.html.erb (0.2ms)
Completed 200 OK in 273ms (Views: 271.8ms | ActiveRecord: 0.0ms)


Started GET "/assets/home.self-e3b0c44298fc1c149afbf4c8996fb92427ae41e4649b934ca495991b7852b855.css?body=1" for ::1 at 2015-08-07 14:35:11 +0800


Started GET "/assets/answer.self-e3b0c44298fc1c149afbf4c8996fb92427ae41e4649b934ca495991b7852b855.css?body=1" for ::1 at 2015-08-07 14:35:11 +0800


Started GET "/assets/person.self-e3b0c44298fc1c149afbf4c8996fb92427ae41e4649b934ca495991b7852b855.css?body=1" for ::1 at 2015-08-07 14:35:11 +0800


Started GET "/assets/scaffolds.self-8cc45d08263daa3628b8b19c49c36f7f0db383748b07b5590390bf8a50461a3e.css?body=1" for ::1 at 2015-08-07 14:35:11 +0800


Started GET "/assets/application.self-d885a0a66bd595c10edb24f8879f94e334d88be0730c4d7c7a7b57c731c09037.css?body=1" for ::1 at 2015-08-07 14:35:11 +0800


Started GET "/assets/semantic-ui.self-4d57579ebbe1c871317fa5af4b4d1030b02291b7f180673886f616bdb7d5e989.css?body=1" for ::1 at 2015-08-07 14:35:11 +0800


Started GET "/assets/jquery.self-d03a5518f45df77341bdbe6201ba3bfa547ebba8ed64f0ea56bfa5f96ea7c074.js?body=1" for ::1 at 2015-08-07 14:35:11 +0800


Started GET "/assets/jquery_ujs.self-ca5248a2fad13d6bd58ea121318d642f195f0b2dd818b30615f785ff365e8d1f.js?body=1" for ::1 at 2015-08-07 14:35:11 +0800


Started GET "/assets/turbolinks.self-c37727e9bd6b2735da5c311aa83fead54ed0be6cc8bd9a65309e9c5abe2cbfff.js?body=1" for ::1 at 2015-08-07 14:35:11 +0800


Started GET "/assets/semantic-ui/api.self-41c0adffbecfcf2e716e31240a63841aa129600ceb264bebf23b29e733b7e242.js?body=1" for ::1 at 2015-08-07 14:35:11 +0800


Started GET "/assets/semantic-ui/colorize.self-904f87357084ca2b8e32bc5b3f5d8e1dd927d753ae9b369f674ac43199d14f98.js?body=1" for ::1 at 2015-08-07 14:35:11 +0800


Started GET "/assets/semantic-ui/embed.self-530fd315ddc22ed191518492a2dd30d71ab8565403a24904f998b4aa2b01f66d.js?body=1" for ::1 at 2015-08-07 14:35:11 +0800


Started GET "/assets/semantic-ui/form.self-118733a62a9a4507ce6dbf5c89b42287aec3f5829f340a024aca276d2365ba34.js?body=1" for ::1 at 2015-08-07 14:35:11 +0800


Started GET "/assets/semantic-ui/state.self-ba8c200df7a3be7eef8a0dbc47e7d1506472933b42d9ba14eba40727257a53b3.js?body=1" for ::1 at 2015-08-07 14:35:11 +0800


Started GET "/assets/semantic-ui/visit.self-f6b9d873d3b931c907b26c207fef8a9ebc244cb3f8f10b1171fec1bcdd46bd9b.js?body=1" for ::1 at 2015-08-07 14:35:11 +0800


Started GET "/assets/semantic-ui/site.self-0715a46a91f99409b252bf26f216ebd06c2473766508d2737e5a87825cff9fc8.js?body=1" for ::1 at 2015-08-07 14:35:11 +0800


Started GET "/assets/semantic-ui/visibility.self-71f823b1b59266ae8f5e6e1bc7e5f770a80891cc256e19b23fb07dd23d3d50ee.js?body=1" for ::1 at 2015-08-07 14:35:11 +0800


Started GET "/assets/semantic-ui/accordion.self-f02e8a229cc5d3b5a57e50349c06b1ecd838c0623b920a7b440c7fe91ced34aa.js?body=1" for ::1 at 2015-08-07 14:35:11 +0800


Started GET "/assets/semantic-ui/checkbox.self-33495d45f6a83158b9830d5c4c6469f6130c2ff0f8b52c4f3ca57ef43a0e6bc9.js?body=1" for ::1 at 2015-08-07 14:35:11 +0800


Started GET "/assets/semantic-ui/dimmer.self-fa3afe374ef2e859bc66df601c98c8ee40a93fcad9752780b9d28970fbf091e8.js?body=1" for ::1 at 2015-08-07 14:35:11 +0800


Started GET "/assets/semantic-ui/dropdown.self-7c44fd09d5a95e76f51a7b2cf9446b2e0973fc3803430dd9bd32cffa01f4ddd3.js?body=1" for ::1 at 2015-08-07 14:35:11 +0800


Started GET "/assets/semantic-ui/modal.self-fca0c9dc8b99a58d44bf44b68f15ef97a7e0fdad255b54895cfa20bba23504db.js?body=1" for ::1 at 2015-08-07 14:35:11 +0800


Started GET "/assets/semantic-ui/nag.self-4e27276d1f23482f4492a51e35bb43636ca5c3c99ca10e2c2ba2624cfb9972d7.js?body=1" for ::1 at 2015-08-07 14:35:11 +0800


Started GET "/assets/semantic-ui/popup.self-58e94aed7aa0ff5d910cf8b382aae9c38c2330838038859f184dfaf2a882622e.js?body=1" for ::1 at 2015-08-07 14:35:11 +0800


Started GET "/assets/semantic-ui/progress.self-705106fdadb10d0e793204d83edc38b896fc8af4e9b2418768f17548167e771b.js?body=1" for ::1 at 2015-08-07 14:35:11 +0800


Started GET "/assets/semantic-ui/rating.self-2eb43fbe99f8781edfd7558e6be4933b01960a25982897cf9073733d626d7668.js?body=1" for ::1 at 2015-08-07 14:35:11 +0800


Started GET "/assets/semantic-ui/search.self-a8ee27c8e616ca18cbb6fe393be577e1436fa561dae9b8eb7b0f05a43d069e93.js?body=1" for ::1 at 2015-08-07 14:35:11 +0800


Started GET "/assets/semantic-ui/shape.self-40ba056c6d298c281da6470241500c9918dafadf710200b785bfe8a9b9599068.js?body=1" for ::1 at 2015-08-07 14:35:11 +0800


Started GET "/assets/semantic-ui/sidebar.self-9e321420597786ccc69ba84bf2b195cf08882f192420edc52bb8efbbca005a3b.js?body=1" for ::1 at 2015-08-07 14:35:11 +0800


Started GET "/assets/semantic-ui/sticky.self-c879f33383a63046bfb29a93a3ecaf3c252c28077074c613d3372abceea958a2.js?body=1" for ::1 at 2015-08-07 14:35:11 +0800


Started GET "/assets/semantic-ui/tab.self-061c8d32b522da18b0530b1774b9567661cd2b5f6bbc8e70edfc4cec2ba53fda.js?body=1" for ::1 at 2015-08-07 14:35:11 +0800


Started GET "/assets/semantic-ui/transition.self-db27b478ce3300f9051c4a35506b3ae6a18efb960d777fccc3346ba82897be0b.js?body=1" for ::1 at 2015-08-07 14:35:11 +0800


Started GET "/assets/semantic-ui/video.self-11705175a979dac0b96b76b658123b336468f98009521dc9c7df31d18d994e08.js?body=1" for ::1 at 2015-08-07 14:35:11 +0800


Started GET "/assets/semantic-ui.self-49cb2d2ab1323ea968a401fbd24a20d2b51aa1879c735f4b16f487797c9fa81f.js?body=1" for ::1 at 2015-08-07 14:35:11 +0800


Started GET "/assets/answer.self-877aef30ae1b040ab8a3aba4e3e309a11d7f2612f44dde450b5c157aa5f95c05.js?body=1" for ::1 at 2015-08-07 14:35:11 +0800


Started GET "/assets/home.self-877aef30ae1b040ab8a3aba4e3e309a11d7f2612f44dde450b5c157aa5f95c05.js?body=1" for ::1 at 2015-08-07 14:35:11 +0800


Started GET "/assets/person.self-877aef30ae1b040ab8a3aba4e3e309a11d7f2612f44dde450b5c157aa5f95c05.js?body=1" for ::1 at 2015-08-07 14:35:11 +0800


Started GET "/assets/application.self-f8806224e027f3e3f0138ea9ce99319e298dfdb323304d1f1be6eae8e8c74724.js?body=1" for ::1 at 2015-08-07 14:35:11 +0800


Started GET "/users/sign_in" for ::1 at 2015-08-07 14:35:13 +0800
Processing by Devise::SessionsController#new as HTML
  Rendered /Users/cliviazhou/.rvm/gems/ruby-2.0.0-p643/gems/devise-3.4.1/app/views/devise/shared/_links.html.erb (0.5ms)
  Rendered /Users/cliviazhou/.rvm/gems/ruby-2.0.0-p643/gems/devise-3.4.1/app/views/devise/sessions/new.html.erb within layouts/application (4.5ms)
  Rendered layouts/_nav_bar.html.erb (0.2ms)
Completed 200 OK in 293ms (Views: 291.6ms | ActiveRecord: 0.0ms)


Started GET "/users/sign_in" for ::1 at 2015-08-07 14:35:14 +0800
Processing by Devise::SessionsController#new as HTML
  Rendered /Users/cliviazhou/.rvm/gems/ruby-2.0.0-p643/gems/devise-3.4.1/app/views/devise/shared/_links.html.erb (0.4ms)
  Rendered /Users/cliviazhou/.rvm/gems/ruby-2.0.0-p643/gems/devise-3.4.1/app/views/devise/sessions/new.html.erb within layouts/application (4.1ms)
  Rendered layouts/_nav_bar.html.erb (0.2ms)
Completed 200 OK in 263ms (Views: 261.7ms | ActiveRecord: 0.0ms)


Started GET "/assets/answer.self-e3b0c44298fc1c149afbf4c8996fb92427ae41e4649b934ca495991b7852b855.css?body=1" for ::1 at 2015-08-07 14:35:14 +0800


Started GET "/assets/scaffolds.self-8cc45d08263daa3628b8b19c49c36f7f0db383748b07b5590390bf8a50461a3e.css?body=1" for ::1 at 2015-08-07 14:35:14 +0800


Started GET "/assets/semantic-ui.self-4d57579ebbe1c871317fa5af4b4d1030b02291b7f180673886f616bdb7d5e989.css?body=1" for ::1 at 2015-08-07 14:35:14 +0800


Started GET "/assets/application.self-d885a0a66bd595c10edb24f8879f94e334d88be0730c4d7c7a7b57c731c09037.css?body=1" for ::1 at 2015-08-07 14:35:14 +0800


Started GET "/assets/home.self-e3b0c44298fc1c149afbf4c8996fb92427ae41e4649b934ca495991b7852b855.css?body=1" for ::1 at 2015-08-07 14:35:14 +0800


Started GET "/assets/person.self-e3b0c44298fc1c149afbf4c8996fb92427ae41e4649b934ca495991b7852b855.css?body=1" for ::1 at 2015-08-07 14:35:14 +0800


Started GET "/assets/jquery.self-d03a5518f45df77341bdbe6201ba3bfa547ebba8ed64f0ea56bfa5f96ea7c074.js?body=1" for ::1 at 2015-08-07 14:35:14 +0800


Started GET "/assets/jquery_ujs.self-ca5248a2fad13d6bd58ea121318d642f195f0b2dd818b30615f785ff365e8d1f.js?body=1" for ::1 at 2015-08-07 14:35:14 +0800


Started GET "/assets/turbolinks.self-c37727e9bd6b2735da5c311aa83fead54ed0be6cc8bd9a65309e9c5abe2cbfff.js?body=1" for ::1 at 2015-08-07 14:35:14 +0800


Started GET "/assets/semantic-ui/api.self-41c0adffbecfcf2e716e31240a63841aa129600ceb264bebf23b29e733b7e242.js?body=1" for ::1 at 2015-08-07 14:35:14 +0800


Started GET "/assets/semantic-ui/colorize.self-904f87357084ca2b8e32bc5b3f5d8e1dd927d753ae9b369f674ac43199d14f98.js?body=1" for ::1 at 2015-08-07 14:35:14 +0800


Started GET "/assets/semantic-ui/embed.self-530fd315ddc22ed191518492a2dd30d71ab8565403a24904f998b4aa2b01f66d.js?body=1" for ::1 at 2015-08-07 14:35:14 +0800


Started GET "/assets/semantic-ui/form.self-118733a62a9a4507ce6dbf5c89b42287aec3f5829f340a024aca276d2365ba34.js?body=1" for ::1 at 2015-08-07 14:35:14 +0800


Started GET "/assets/semantic-ui/state.self-ba8c200df7a3be7eef8a0dbc47e7d1506472933b42d9ba14eba40727257a53b3.js?body=1" for ::1 at 2015-08-07 14:35:14 +0800


Started GET "/assets/semantic-ui/visibility.self-71f823b1b59266ae8f5e6e1bc7e5f770a80891cc256e19b23fb07dd23d3d50ee.js?body=1" for ::1 at 2015-08-07 14:35:14 +0800


Started GET "/assets/semantic-ui/visit.self-f6b9d873d3b931c907b26c207fef8a9ebc244cb3f8f10b1171fec1bcdd46bd9b.js?body=1" for ::1 at 2015-08-07 14:35:14 +0800


Started GET "/assets/semantic-ui/site.self-0715a46a91f99409b252bf26f216ebd06c2473766508d2737e5a87825cff9fc8.js?body=1" for ::1 at 2015-08-07 14:35:14 +0800


Started GET "/assets/semantic-ui/accordion.self-f02e8a229cc5d3b5a57e50349c06b1ecd838c0623b920a7b440c7fe91ced34aa.js?body=1" for ::1 at 2015-08-07 14:35:14 +0800


Started GET "/assets/semantic-ui/checkbox.self-33495d45f6a83158b9830d5c4c6469f6130c2ff0f8b52c4f3ca57ef43a0e6bc9.js?body=1" for ::1 at 2015-08-07 14:35:14 +0800


Started GET "/assets/semantic-ui/dimmer.self-fa3afe374ef2e859bc66df601c98c8ee40a93fcad9752780b9d28970fbf091e8.js?body=1" for ::1 at 2015-08-07 14:35:14 +0800


Started GET "/assets/semantic-ui/dropdown.self-7c44fd09d5a95e76f51a7b2cf9446b2e0973fc3803430dd9bd32cffa01f4ddd3.js?body=1" for ::1 at 2015-08-07 14:35:14 +0800


Started GET "/assets/semantic-ui/modal.self-fca0c9dc8b99a58d44bf44b68f15ef97a7e0fdad255b54895cfa20bba23504db.js?body=1" for ::1 at 2015-08-07 14:35:14 +0800


Started GET "/assets/semantic-ui/nag.self-4e27276d1f23482f4492a51e35bb43636ca5c3c99ca10e2c2ba2624cfb9972d7.js?body=1" for ::1 at 2015-08-07 14:35:14 +0800


Started GET "/assets/semantic-ui/popup.self-58e94aed7aa0ff5d910cf8b382aae9c38c2330838038859f184dfaf2a882622e.js?body=1" for ::1 at 2015-08-07 14:35:14 +0800


Started GET "/assets/semantic-ui/progress.self-705106fdadb10d0e793204d83edc38b896fc8af4e9b2418768f17548167e771b.js?body=1" for ::1 at 2015-08-07 14:35:14 +0800


Started GET "/assets/semantic-ui/rating.self-2eb43fbe99f8781edfd7558e6be4933b01960a25982897cf9073733d626d7668.js?body=1" for ::1 at 2015-08-07 14:35:14 +0800


Started GET "/assets/semantic-ui/search.self-a8ee27c8e616ca18cbb6fe393be577e1436fa561dae9b8eb7b0f05a43d069e93.js?body=1" for ::1 at 2015-08-07 14:35:14 +0800


Started GET "/assets/semantic-ui/shape.self-40ba056c6d298c281da6470241500c9918dafadf710200b785bfe8a9b9599068.js?body=1" for ::1 at 2015-08-07 14:35:14 +0800


Started GET "/assets/semantic-ui/sidebar.self-9e321420597786ccc69ba84bf2b195cf08882f192420edc52bb8efbbca005a3b.js?body=1" for ::1 at 2015-08-07 14:35:14 +0800


Started GET "/assets/semantic-ui/sticky.self-c879f33383a63046bfb29a93a3ecaf3c252c28077074c613d3372abceea958a2.js?body=1" for ::1 at 2015-08-07 14:35:14 +0800


Started GET "/assets/semantic-ui/tab.self-061c8d32b522da18b0530b1774b9567661cd2b5f6bbc8e70edfc4cec2ba53fda.js?body=1" for ::1 at 2015-08-07 14:35:14 +0800


Started GET "/assets/semantic-ui/transition.self-db27b478ce3300f9051c4a35506b3ae6a18efb960d777fccc3346ba82897be0b.js?body=1" for ::1 at 2015-08-07 14:35:14 +0800


Started GET "/assets/semantic-ui/video.self-11705175a979dac0b96b76b658123b336468f98009521dc9c7df31d18d994e08.js?body=1" for ::1 at 2015-08-07 14:35:14 +0800


Started GET "/assets/semantic-ui.self-49cb2d2ab1323ea968a401fbd24a20d2b51aa1879c735f4b16f487797c9fa81f.js?body=1" for ::1 at 2015-08-07 14:35:14 +0800


Started GET "/assets/answer.self-877aef30ae1b040ab8a3aba4e3e309a11d7f2612f44dde450b5c157aa5f95c05.js?body=1" for ::1 at 2015-08-07 14:35:14 +0800


Started GET "/assets/home.self-877aef30ae1b040ab8a3aba4e3e309a11d7f2612f44dde450b5c157aa5f95c05.js?body=1" for ::1 at 2015-08-07 14:35:14 +0800


Started GET "/assets/person.self-877aef30ae1b040ab8a3aba4e3e309a11d7f2612f44dde450b5c157aa5f95c05.js?body=1" for ::1 at 2015-08-07 14:35:14 +0800


Started GET "/assets/application.self-f8806224e027f3e3f0138ea9ce99319e298dfdb323304d1f1be6eae8e8c74724.js?body=1" for ::1 at 2015-08-07 14:35:14 +0800
[2015-08-07 14:35:49] FATAL SignalException: SIGTERM
	/Users/cliviazhou/.rvm/rubies/ruby-2.0.0-p643/lib/ruby/2.0.0/webrick/server.rb:170:in `select'
	/Users/cliviazhou/.rvm/rubies/ruby-2.0.0-p643/lib/ruby/2.0.0/webrick/server.rb:170:in `block in start'
	/Users/cliviazhou/.rvm/rubies/ruby-2.0.0-p643/lib/ruby/2.0.0/webrick/server.rb:32:in `start'
	/Users/cliviazhou/.rvm/rubies/ruby-2.0.0-p643/lib/ruby/2.0.0/webrick/server.rb:160:in `start'
	/Users/cliviazhou/.rvm/gems/ruby-2.0.0-p643/gems/rack-1.6.4/lib/rack/handler/webrick.rb:34:in `run'
	/Users/cliviazhou/.rvm/gems/ruby-2.0.0-p643/gems/rack-1.6.4/lib/rack/server.rb:286:in `start'
	/Users/cliviazhou/.rvm/gems/ruby-2.0.0-p643/gems/railties-4.2.1/lib/rails/commands/server.rb:80:in `start'
	/Users/cliviazhou/.rvm/gems/ruby-2.0.0-p643/gems/railties-4.2.1/lib/rails/commands/commands_tasks.rb:80:in `block in server'
	/Users/cliviazhou/.rvm/gems/ruby-2.0.0-p643/gems/railties-4.2.1/lib/rails/commands/commands_tasks.rb:75:in `tap'
	/Users/cliviazhou/.rvm/gems/ruby-2.0.0-p643/gems/railties-4.2.1/lib/rails/commands/commands_tasks.rb:75:in `server'
	/Users/cliviazhou/.rvm/gems/ruby-2.0.0-p643/gems/railties-4.2.1/lib/rails/commands/commands_tasks.rb:39:in `run_command!'
	/Users/cliviazhou/.rvm/gems/ruby-2.0.0-p643/gems/railties-4.2.1/lib/rails/commands.rb:17:in `<top (required)>'
	bin/rails:4:in `require'
	bin/rails:4:in `<main>'
[2015-08-07 14:35:49] INFO  going to shutdown ...
[2015-08-07 14:35:49] INFO  WEBrick::HTTPServer#start done.
Exiting
